C:\Program Files\Microsoft Visual Studio\2022\Enterprise\MSBuild\Microsoft\VC\v170\Microsoft.CppBuild.targets(503,5): warning MSB8004: Output Directory does not end with a trailing slash.  This build instance will add the slash as it is required to allow proper evaluation of the Output Directory.
  g_ai.c
C:\Users\Ale\git\finalProject\game\g_ai.c(780,47): warning C4100: 'dist': unreferenced formal parameter
  g_chase.c
  g_cmds.c
C:\Users\Ale\git\finalProject\game\g_cmds.c(34,2): warning C4996: 'strcpy': This function or variable may be unsafe. Consider using strcpy_s instead. To disable deprecation, use _CRT_SECURE_NO_WARNINGS. See online help for details.
C:\Users\Ale\git\finalProject\game\g_cmds.c(57,2): warning C4996: 'strcpy': This function or variable may be unsafe. Consider using strcpy_s instead. To disable deprecation, use _CRT_SECURE_NO_WARNINGS. See online help for details.
C:\Users\Ale\git\finalProject\game\g_cmds.c(58,2): warning C4996: 'strcpy': This function or variable may be unsafe. Consider using strcpy_s instead. To disable deprecation, use _CRT_SECURE_NO_WARNINGS. See online help for details.
C:\Users\Ale\git\finalProject\game\g_cmds.c(798,4): warning C4996: 'strcat': This function or variable may be unsafe. Consider using strcat_s instead. To disable deprecation, use _CRT_SECURE_NO_WARNINGS. See online help for details.
C:\Users\Ale\git\finalProject\game\g_cmds.c(801,3): warning C4996: 'strcat': This function or variable may be unsafe. Consider using strcat_s instead. To disable deprecation, use _CRT_SECURE_NO_WARNINGS. See online help for details.
C:\Users\Ale\git\finalProject\game\g_cmds.c(884,3): warning C4996: 'strcat': This function or variable may be unsafe. Consider using strcat_s instead. To disable deprecation, use _CRT_SECURE_NO_WARNINGS. See online help for details.
C:\Users\Ale\git\finalProject\game\g_cmds.c(885,3): warning C4996: 'strcat': This function or variable may be unsafe. Consider using strcat_s instead. To disable deprecation, use _CRT_SECURE_NO_WARNINGS. See online help for details.
C:\Users\Ale\git\finalProject\game\g_cmds.c(886,3): warning C4996: 'strcat': This function or variable may be unsafe. Consider using strcat_s instead. To disable deprecation, use _CRT_SECURE_NO_WARNINGS. See online help for details.
C:\Users\Ale\git\finalProject\game\g_cmds.c(897,3): warning C4996: 'strcat': This function or variable may be unsafe. Consider using strcat_s instead. To disable deprecation, use _CRT_SECURE_NO_WARNINGS. See online help for details.
C:\Users\Ale\git\finalProject\game\g_cmds.c(904,2): warning C4996: 'strcat': This function or variable may be unsafe. Consider using strcat_s instead. To disable deprecation, use _CRT_SECURE_NO_WARNINGS. See online help for details.
C:\Users\Ale\git\finalProject\game\g_cmds.c(951,7): warning C4459: declaration of 'st' hides global declaration
C:\Users\Ale\git\finalProject\game\g_local.h(464,21): message : see declaration of 'st'
C:\Users\Ale\git\finalProject\game\g_cmds.c(973,3): warning C4996: 'strcat': This function or variable may be unsafe. Consider using strcat_s instead. To disable deprecation, use _CRT_SECURE_NO_WARNINGS. See online help for details.
C:\Users\Ale\git\finalProject\game\g_cmds.c(961,3): warning C4996: 'sprintf': This function or variable may be unsafe. Consider using sprintf_s instead. To disable deprecation, use _CRT_SECURE_NO_WARNINGS. See online help for details.
C:\Users\Ale\git\finalProject\game\g_cmds.c(969,4): warning C4996: 'sprintf': This function or variable may be unsafe. Consider using sprintf_s instead. To disable deprecation, use _CRT_SECURE_NO_WARNINGS. See online help for details.
  g_combat.c
C:\Users\Ale\git\finalProject\game\g_combat.c(370,51): warning C4100: 'attacker': unreferenced formal parameter
C:\Users\Ale\git\finalProject\game\g_combat.c(370,36): warning C4100: 'targ': unreferenced formal parameter
C:\Users\Ale\git\finalProject\game\g_combat.c(723,67): warning C4100: 'damage': unreferenced formal parameter
C:\Users\Ale\git\finalProject\game\g_combat.c(727,9): warning C4101: 'v': unreferenced local variable
  g_func.c
C:\Users\Ale\git\finalProject\game\g_func.c(428,55): warning C4100: 'activator': unreferenced formal parameter
C:\Users\Ale\git\finalProject\game\g_func.c(428,39): warning C4100: 'other': unreferenced formal parameter
C:\Users\Ale\git\finalProject\game\g_func.c(436,84): warning C4100: 'surf': unreferenced formal parameter
C:\Users\Ale\git\finalProject\game\g_func.c(436,65): warning C4100: 'plane': unreferenced formal parameter
C:\Users\Ale\git\finalProject\game\g_func.c(600,82): warning C4100: 'surf': unreferenced formal parameter
C:\Users\Ale\git\finalProject\game\g_func.c(600,63): warning C4100: 'plane': unreferenced formal parameter
C:\Users\Ale\git\finalProject\game\g_func.c(606,60): warning C4100: 'activator': unreferenced formal parameter
C:\Users\Ale\git\finalProject\game\g_func.c(606,44): warning C4100: 'other': unreferenced formal parameter
C:\Users\Ale\git\finalProject\game\g_func.c(737,42): warning C4100: 'other': unreferenced formal parameter
C:\Users\Ale\git\finalProject\game\g_func.c(743,80): warning C4100: 'surf': unreferenced formal parameter
C:\Users\Ale\git\finalProject\game\g_func.c(743,61): warning C4100: 'plane': unreferenced formal parameter
C:\Users\Ale\git\finalProject\game\g_func.c(755,94): warning C4100: 'point': unreferenced formal parameter
C:\Users\Ale\git\finalProject\game\g_func.c(755,79): warning C4100: 'damage': unreferenced formal parameter
C:\Users\Ale\git\finalProject\game\g_func.c(755,45): warning C4100: 'inflictor': unreferenced formal parameter
C:\Users\Ale\git\finalProject\game\g_func.c(949,40): warning C4100: 'other': unreferenced formal parameter
C:\Users\Ale\git\finalProject\game\g_func.c(980,85): warning C4100: 'surf': unreferenced formal parameter
C:\Users\Ale\git\finalProject\game\g_func.c(980,66): warning C4100: 'plane': unreferenced formal parameter
C:\Users\Ale\git\finalProject\game\g_func.c(1113,92): warning C4100: 'point': unreferenced formal parameter
C:\Users\Ale\git\finalProject\game\g_func.c(1113,77): warning C4100: 'damage': unreferenced formal parameter
C:\Users\Ale\git\finalProject\game\g_func.c(1113,43): warning C4100: 'inflictor': unreferenced formal parameter
C:\Users\Ale\git\finalProject\game\g_func.c(1125,78): warning C4100: 'surf': unreferenced formal parameter
C:\Users\Ale\git\finalProject\game\g_func.c(1125,59): warning C4100: 'plane': unreferenced formal parameter
C:\Users\Ale\git\finalProject\game\g_func.c(1633,41): warning C4100: 'other': unreferenced formal parameter
C:\Users\Ale\git\finalProject\game\g_func.c(1699,68): warning C4100: 'activator': unreferenced formal parameter
C:\Users\Ale\git\finalProject\game\g_func.c(1777,46): warning C4100: 'other': unreferenced formal parameter
C:\Users\Ale\git\finalProject\game\g_func.c(1825,65): warning C4100: 'activator': unreferenced formal parameter
C:\Users\Ale\git\finalProject\game\g_func.c(1825,49): warning C4100: 'other': unreferenced formal parameter
C:\Users\Ale\git\finalProject\game\g_func.c(1886,63): warning C4100: 'activator': unreferenced formal parameter
C:\Users\Ale\git\finalProject\game\g_func.c(1886,47): warning C4100: 'other': unreferenced formal parameter
C:\Users\Ale\git\finalProject\game\g_func.c(1960,96): warning C4100: 'point': unreferenced formal parameter
C:\Users\Ale\git\finalProject\game\g_func.c(1960,81): warning C4100: 'damage': unreferenced formal parameter
C:\Users\Ale\git\finalProject\game\g_func.c(1960,47): warning C4100: 'inflictor': unreferenced formal parameter
C:\Users\Ale\git\finalProject\game\g_func.c(2037,59): warning C4100: 'activator': unreferenced formal parameter
C:\Users\Ale\git\finalProject\game\g_func.c(2037,43): warning C4100: 'other': unreferenced formal parameter
  g_items.c
C:\Users\Ale\git\finalProject\game\g_items.c(51,30): warning C4211: nonstandard extension used: redefined extern to static
C:\Users\Ale\git\finalProject\game\g_items.c(52,30): warning C4211: nonstandard extension used: redefined extern to static
C:\Users\Ale\git\finalProject\game\g_items.c(53,28): warning C4211: nonstandard extension used: redefined extern to static
C:\Users\Ale\git\finalProject\game\g_items.c(732,45): warning C4100: 'item': unreferenced formal parameter
C:\Users\Ale\git\finalProject\game\g_items.c(788,77): warning C4100: 'surf': unreferenced formal parameter
C:\Users\Ale\git\finalProject\game\g_items.c(788,58): warning C4100: 'plane': unreferenced formal parameter
C:\Users\Ale\git\finalProject\game\g_items.c(919,55): warning C4100: 'activator': unreferenced formal parameter
C:\Users\Ale\git\finalProject\game\g_items.c(919,39): warning C4100: 'other': unreferenced formal parameter
  g_main.c
C:\Users\Ale\git\finalProject\game\g_main.c(152,2): warning C4996: 'vsprintf': This function or variable may be unsafe. Consider using vsprintf_s instead. To disable deprecation, use _CRT_SECURE_NO_WARNINGS. See online help for details.
C:\Users\Ale\git\finalProject\game\g_main.c(164,2): warning C4996: 'vsprintf': This function or variable may be unsafe. Consider using vsprintf_s instead. To disable deprecation, use _CRT_SECURE_NO_WARNINGS. See online help for details.
C:\Users\Ale\git\finalProject\game\g_main.c(237,7): warning C4996: 'strdup': The POSIX name for this item is deprecated. Instead, use the ISO C and C++ conformant name: _strdup. See online help for details.
C:\Users\Ale\git\finalProject\game\g_main.c(239,7): warning C4996: 'strtok': This function or variable may be unsafe. Consider using strtok_s instead. To disable deprecation, use _CRT_SECURE_NO_WARNINGS. See online help for details.
C:\Users\Ale\git\finalProject\game\g_main.c(243,9): warning C4996: 'strtok': This function or variable may be unsafe. Consider using strtok_s instead. To disable deprecation, use _CRT_SECURE_NO_WARNINGS. See online help for details.
C:\Users\Ale\git\finalProject\game\g_main.c(256,8): warning C4996: 'strtok': This function or variable may be unsafe. Consider using strtok_s instead. To disable deprecation, use _CRT_SECURE_NO_WARNINGS. See online help for details.
  g_misc.c
C:\Users\Ale\git\finalProject\game\g_misc.c(31,61): warning C4100: 'activator': unreferenced formal parameter
C:\Users\Ale\git\finalProject\game\g_misc.c(31,45): warning C4100: 'other': unreferenced formal parameter
C:\Users\Ale\git\finalProject\game\g_misc.c(104,77): warning C4100: 'surf': unreferenced formal parameter
C:\Users\Ale\git\finalProject\game\g_misc.c(104,41): warning C4100: 'other': unreferenced formal parameter
C:\Users\Ale\git\finalProject\game\g_misc.c(130,88): warning C4100: 'point': unreferenced formal parameter
C:\Users\Ale\git\finalProject\game\g_misc.c(130,73): warning C4100: 'damage': unreferenced formal parameter
C:\Users\Ale\git\finalProject\game\g_misc.c(130,59): warning C4100: 'attacker': unreferenced formal parameter
C:\Users\Ale\git\finalProject\game\g_misc.c(130,39): warning C4100: 'inflictor': unreferenced formal parameter
C:\Users\Ale\git\finalProject\game\g_misc.c(281,91): warning C4100: 'point': unreferenced formal parameter
C:\Users\Ale\git\finalProject\game\g_misc.c(281,76): warning C4100: 'damage': unreferenced formal parameter
C:\Users\Ale\git\finalProject\game\g_misc.c(281,62): warning C4100: 'attacker': unreferenced formal parameter
C:\Users\Ale\git\finalProject\game\g_misc.c(281,42): warning C4100: 'inflictor': unreferenced formal parameter
C:\Users\Ale\git\finalProject\game\g_misc.c(342,85): warning C4100: 'surf': unreferenced formal parameter
C:\Users\Ale\git\finalProject\game\g_misc.c(342,66): warning C4100: 'plane': unreferenced formal parameter
C:\Users\Ale\git\finalProject\game\g_misc.c(422,86): warning C4100: 'surf': unreferenced formal parameter
C:\Users\Ale\git\finalProject\game\g_misc.c(422,67): warning C4100: 'plane': unreferenced formal parameter
C:\Users\Ale\git\finalProject\game\g_misc.c(545,64): warning C4100: 'activator': unreferenced formal parameter
C:\Users\Ale\git\finalProject\game\g_misc.c(545,48): warning C4100: 'other': unreferenced formal parameter
C:\Users\Ale\git\finalProject\game\g_misc.c(593,61): warning C4100: 'activator': unreferenced formal parameter
C:\Users\Ale\git\finalProject\game\g_misc.c(593,45): warning C4100: 'other': unreferenced formal parameter
C:\Users\Ale\git\finalProject\game\g_misc.c(665,85): warning C4100: 'surf': unreferenced formal parameter
C:\Users\Ale\git\finalProject\game\g_misc.c(683,63): warning C4100: 'activator': unreferenced formal parameter
C:\Users\Ale\git\finalProject\game\g_misc.c(683,47): warning C4100: 'other': unreferenced formal parameter
C:\Users\Ale\git\finalProject\game\g_misc.c(745,103): warning C4100: 'point': unreferenced formal parameter
C:\Users\Ale\git\finalProject\game\g_misc.c(745,88): warning C4100: 'damage': unreferenced formal parameter
C:\Users\Ale\git\finalProject\game\g_misc.c(809,65): warning C4100: 'activator': unreferenced formal parameter
C:\Users\Ale\git\finalProject\game\g_misc.c(814,68): warning C4100: 'activator': unreferenced formal parameter
C:\Users\Ale\git\finalProject\game\g_misc.c(814,52): warning C4100: 'other': unreferenced formal parameter
C:\Users\Ale\git\finalProject\game\g_misc.c(873,80): warning C4100: 'surf': unreferenced formal parameter
C:\Users\Ale\git\finalProject\game\g_misc.c(873,61): warning C4100: 'plane': unreferenced formal parameter
C:\Users\Ale\git\finalProject\game\g_misc.c(966,93): warning C4100: 'point': unreferenced formal parameter
C:\Users\Ale\git\finalProject\game\g_misc.c(966,78): warning C4100: 'damage': unreferenced formal parameter
C:\Users\Ale\git\finalProject\game\g_misc.c(966,44): warning C4100: 'inflictor': unreferenced formal parameter
C:\Users\Ale\git\finalProject\game\g_misc.c(1021,65): warning C4100: 'activator': unreferenced formal parameter
C:\Users\Ale\git\finalProject\game\g_misc.c(1021,49): warning C4100: 'other': unreferenced formal parameter
C:\Users\Ale\git\finalProject\game\g_misc.c(1157,66): warning C4100: 'activator': unreferenced formal parameter
C:\Users\Ale\git\finalProject\game\g_misc.c(1157,50): warning C4100: 'other': unreferenced formal parameter
C:\Users\Ale\git\finalProject\game\g_misc.c(1217,101): warning C4100: 'point': unreferenced formal parameter
C:\Users\Ale\git\finalProject\game\g_misc.c(1217,72): warning C4100: 'attacker': unreferenced formal parameter
C:\Users\Ale\git\finalProject\game\g_misc.c(1217,52): warning C4100: 'inflictor': unreferenced formal parameter
C:\Users\Ale\git\finalProject\game\g_misc.c(1330,89): warning C4100: 'surf': unreferenced formal parameter
C:\Users\Ale\git\finalProject\game\g_misc.c(1330,70): warning C4100: 'plane': unreferenced formal parameter
C:\Users\Ale\git\finalProject\game\g_misc.c(1330,53): warning C4100: 'other': unreferenced formal parameter
C:\Users\Ale\git\finalProject\game\g_misc.c(1358,51): warning C4100: 'other': unreferenced formal parameter
C:\Users\Ale\git\finalProject\game\g_misc.c(1452,71): warning C4100: 'activator': unreferenced formal parameter
C:\Users\Ale\git\finalProject\game\g_misc.c(1452,55): warning C4100: 'other': unreferenced formal parameter
C:\Users\Ale\git\finalProject\game\g_misc.c(1577,65): warning C4100: 'activator': unreferenced formal parameter
C:\Users\Ale\git\finalProject\game\g_misc.c(1577,49): warning C4100: 'other': unreferenced formal parameter
C:\Users\Ale\git\finalProject\game\g_misc.c(1700,11): warning C4996: 'localtime': This function or variable may be unsafe. Consider using localtime_s instead. To disable deprecation, use _CRT_SECURE_NO_WARNINGS. See online help for details.
C:\Users\Ale\git\finalProject\game\g_misc.c(1740,46): warning C4100: 'other': unreferenced formal parameter
C:\Users\Ale\git\finalProject\game\g_misc.c(1783,84): warning C4100: 'surf': unreferenced formal parameter
C:\Users\Ale\git\finalProject\game\g_misc.c(1783,65): warning C4100: 'plane': unreferenced formal parameter
  g_monster.c
C:\Users\Ale\git\finalProject\game\g_monster.c(91,95): warning C4100: 'kick': unreferenced formal parameter
C:\Users\Ale\git\finalProject\game\g_monster.c(440,43): warning C4100: 'other': unreferenced formal parameter
C:\Users\Ale\git\finalProject\game\g_monster.c(483,59): warning C4100: 'other': unreferenced formal parameter
  g_phys.c
  g_save.c
C:\Users\Ale\git\finalProject\game\g_save.c(226,25): warning C4100: 'f': unreferenced formal parameter
C:\Users\Ale\git\finalProject\game\g_save.c(474,2): warning C4996: 'strcpy': This function or variable may be unsafe. Consider using strcpy_s instead. To disable deprecation, use _CRT_SECURE_NO_WARNINGS. See online help for details.
C:\Users\Ale\git\finalProject\game\g_save.c(469,6): warning C4996: 'fopen': This function or variable may be unsafe. Consider using fopen_s instead. To disable deprecation, use _CRT_SECURE_NO_WARNINGS. See online help for details.
C:\Users\Ale\git\finalProject\game\g_save.c(495,6): warning C4996: 'fopen': This function or variable may be unsafe. Consider using fopen_s instead. To disable deprecation, use _CRT_SECURE_NO_WARNINGS. See online help for details.
C:\Users\Ale\git\finalProject\game\g_save.c(635,6): warning C4996: 'fopen': This function or variable may be unsafe. Consider using fopen_s instead. To disable deprecation, use _CRT_SECURE_NO_WARNINGS. See online help for details.
C:\Users\Ale\git\finalProject\game\g_save.c(690,6): warning C4996: 'fopen': This function or variable may be unsafe. Consider using fopen_s instead. To disable deprecation, use _CRT_SECURE_NO_WARNINGS. See online help for details.
  g_spawn.c
C:\Users\Ale\git\finalProject\game\g_spawn.c(384,5): warning C4996: 'sscanf': This function or variable may be unsafe. Consider using sscanf_s instead. To disable deprecation, use _CRT_SECURE_NO_WARNINGS. See online help for details.
C:\Users\Ale\git\finalProject\game\g_spawn.c(437,3): warning C4996: 'strncpy': This function or variable may be unsafe. Consider using strncpy_s instead. To disable deprecation, use _CRT_SECURE_NO_WARNINGS. See online help for details.
C:\Users\Ale\git\finalProject\game\g_spawn.c(547,2): warning C4996: 'strncpy': This function or variable may be unsafe. Consider using strncpy_s instead. To disable deprecation, use _CRT_SECURE_NO_WARNINGS. See online help for details.
C:\Users\Ale\git\finalProject\game\g_spawn.c(548,2): warning C4996: 'strncpy': This function or variable may be unsafe. Consider using strncpy_s instead. To disable deprecation, use _CRT_SECURE_NO_WARNINGS. See online help for details.
C:\Users\Ale\git\finalProject\game\g_spawn.c(847,3): warning C4996: 'strcpy': This function or variable may be unsafe. Consider using strcpy_s instead. To disable deprecation, use _CRT_SECURE_NO_WARNINGS. See online help for details.
C:\Users\Ale\git\finalProject\game\g_spawn.c(854,3): warning C4996: 'strncpy': This function or variable may be unsafe. Consider using strncpy_s instead. To disable deprecation, use _CRT_SECURE_NO_WARNINGS. See online help for details.
C:\Users\Ale\git\finalProject\game\g_spawn.c(857,3): warning C4996: 'strncpy': This function or variable may be unsafe. Consider using strncpy_s instead. To disable deprecation, use _CRT_SECURE_NO_WARNINGS. See online help for details.
  g_svcmds.c
C:\Users\Ale\git\finalProject\game\g_svcmds.c(244,10): warning C4459: declaration of 'game' hides global declaration
C:\Users\Ale\git\finalProject\game\g_local.h(460,22): message : see declaration of 'game'
C:\Users\Ale\git\finalProject\game\g_svcmds.c(249,3): warning C4996: 'sprintf': This function or variable may be unsafe. Consider using sprintf_s instead. To disable deprecation, use _CRT_SECURE_NO_WARNINGS. See online help for details.
C:\Users\Ale\git\finalProject\game\g_svcmds.c(251,3): warning C4996: 'sprintf': This function or variable may be unsafe. Consider using sprintf_s instead. To disable deprecation, use _CRT_SECURE_NO_WARNINGS. See online help for details.
C:\Users\Ale\git\finalProject\game\g_svcmds.c(255,6): warning C4996: 'fopen': This function or variable may be unsafe. Consider using fopen_s instead. To disable deprecation, use _CRT_SECURE_NO_WARNINGS. See online help for details.
  g_target.c
C:\Users\Ale\git\finalProject\game\g_target.c(26,62): warning C4100: 'activator': unreferenced formal parameter
C:\Users\Ale\git\finalProject\game\g_target.c(26,46): warning C4100: 'other': unreferenced formal parameter
C:\Users\Ale\git\finalProject\game\g_target.c(58,65): warning C4100: 'activator': unreferenced formal parameter
C:\Users\Ale\git\finalProject\game\g_target.c(58,49): warning C4100: 'other': unreferenced formal parameter
C:\Users\Ale\git\finalProject\game\g_target.c(93,3): warning C4996: 'strncpy': This function or variable may be unsafe. Consider using strncpy_s instead. To disable deprecation, use _CRT_SECURE_NO_WARNINGS. See online help for details.
C:\Users\Ale\git\finalProject\game\g_target.c(121,3): warning C4996: 'strncpy': This function or variable may be unsafe. Consider using strncpy_s instead. To disable deprecation, use _CRT_SECURE_NO_WARNINGS. See online help for details.
C:\Users\Ale\git\finalProject\game\g_target.c(123,3): warning C4996: 'strncpy': This function or variable may be unsafe. Consider using strncpy_s instead. To disable deprecation, use _CRT_SECURE_NO_WARNINGS. See online help for details.
C:\Users\Ale\git\finalProject\game\g_target.c(118,62): warning C4100: 'activator': unreferenced formal parameter
C:\Users\Ale\git\finalProject\game\g_target.c(118,46): warning C4100: 'other': unreferenced formal parameter
C:\Users\Ale\git\finalProject\game\g_target.c(154,48): warning C4100: 'other': unreferenced formal parameter
C:\Users\Ale\git\finalProject\game\g_target.c(189,46): warning C4100: 'other': unreferenced formal parameter
C:\Users\Ale\git\finalProject\game\g_target.c(244,52): warning C4100: 'other': unreferenced formal parameter
C:\Users\Ale\git\finalProject\game\g_target.c(338,49): warning C4100: 'other': unreferenced formal parameter
C:\Users\Ale\git\finalProject\game\g_target.c(380,66): warning C4100: 'activator': unreferenced formal parameter
C:\Users\Ale\git\finalProject\game\g_target.c(380,50): warning C4100: 'other': unreferenced formal parameter
C:\Users\Ale\git\finalProject\game\g_target.c(416,66): warning C4100: 'activator': unreferenced formal parameter
C:\Users\Ale\git\finalProject\game\g_target.c(416,50): warning C4100: 'other': unreferenced formal parameter
C:\Users\Ale\git\finalProject\game\g_target.c(451,78): warning C4100: 'activator': unreferenced formal parameter
C:\Users\Ale\git\finalProject\game\g_target.c(451,62): warning C4100: 'other': unreferenced formal parameter
C:\Users\Ale\git\finalProject\game\g_target.c(576,48): warning C4100: 'other': unreferenced formal parameter
C:\Users\Ale\git\finalProject\game\g_target.c(679,68): warning C4100: 'activator': unreferenced formal parameter
C:\Users\Ale\git\finalProject\game\g_target.c(679,52): warning C4100: 'other': unreferenced formal parameter
C:\Users\Ale\git\finalProject\game\g_target.c(785,53): warning C4100: 'other': unreferenced formal parameter
  g_trigger.c
C:\Users\Ale\git\finalProject\game\g_trigger.c(76,59): warning C4996: 'itoa': The POSIX name for this item is deprecated. Instead, use the ISO C and C++ conformant name: _itoa. See online help for details.
C:\Users\Ale\git\finalProject\game\g_trigger.c(114,92): warning C4996: 'itoa': The POSIX name for this item is deprecated. Instead, use the ISO C and C++ conformant name: _itoa. See online help for details.
C:\Users\Ale\git\finalProject\game\g_trigger.c(122,105): warning C4996: 'itoa': The POSIX name for this item is deprecated. Instead, use the ISO C and C++ conformant name: _itoa. See online help for details.
C:\Users\Ale\git\finalProject\game\g_trigger.c(133,92): warning C4996: 'itoa': The POSIX name for this item is deprecated. Instead, use the ISO C and C++ conformant name: _itoa. See online help for details.
C:\Users\Ale\git\finalProject\game\g_trigger.c(141,105): warning C4996: 'itoa': The POSIX name for this item is deprecated. Instead, use the ISO C and C++ conformant name: _itoa. See online help for details.
C:\Users\Ale\git\finalProject\game\g_trigger.c(152,92): warning C4996: 'itoa': The POSIX name for this item is deprecated. Instead, use the ISO C and C++ conformant name: _itoa. See online help for details.
C:\Users\Ale\git\finalProject\game\g_trigger.c(160,105): warning C4996: 'itoa': The POSIX name for this item is deprecated. Instead, use the ISO C and C++ conformant name: _itoa. See online help for details.
C:\Users\Ale\git\finalProject\game\g_trigger.c(171,92): warning C4996: 'itoa': The POSIX name for this item is deprecated. Instead, use the ISO C and C++ conformant name: _itoa. See online help for details.
C:\Users\Ale\git\finalProject\game\g_trigger.c(179,105): warning C4996: 'itoa': The POSIX name for this item is deprecated. Instead, use the ISO C and C++ conformant name: _itoa. See online help for details.
C:\Users\Ale\git\finalProject\game\g_trigger.c(190,92): warning C4996: 'itoa': The POSIX name for this item is deprecated. Instead, use the ISO C and C++ conformant name: _itoa. See online help for details.
C:\Users\Ale\git\finalProject\game\g_trigger.c(198,105): warning C4996: 'itoa': The POSIX name for this item is deprecated. Instead, use the ISO C and C++ conformant name: _itoa. See online help for details.
C:\Users\Ale\git\finalProject\game\g_trigger.c(209,92): warning C4996: 'itoa': The POSIX name for this item is deprecated. Instead, use the ISO C and C++ conformant name: _itoa. See online help for details.
C:\Users\Ale\git\finalProject\game\g_trigger.c(217,105): warning C4996: 'itoa': The POSIX name for this item is deprecated. Instead, use the ISO C and C++ conformant name: _itoa. See online help for details.
C:\Users\Ale\git\finalProject\game\g_trigger.c(260,40): warning C4100: 'other': unreferenced formal parameter
C:\Users\Ale\git\finalProject\game\g_trigger.c(266,79): warning C4100: 'surf': unreferenced formal parameter
C:\Users\Ale\git\finalProject\game\g_trigger.c(266,60): warning C4100: 'plane': unreferenced formal parameter
C:\Users\Ale\git\finalProject\game\g_trigger.c(305,62): warning C4100: 'activator': unreferenced formal parameter
C:\Users\Ale\git\finalProject\game\g_trigger.c(305,46): warning C4100: 'other': unreferenced formal parameter
C:\Users\Ale\git\finalProject\game\g_trigger.c(388,49): warning C4100: 'other': unreferenced formal parameter
C:\Users\Ale\git\finalProject\game\g_trigger.c(411,47): warning C4100: 'other': unreferenced formal parameter
C:\Users\Ale\git\finalProject\game\g_trigger.c(525,50): warning C4100: 'other': unreferenced formal parameter
C:\Users\Ale\git\finalProject\game\g_trigger.c(593,86): warning C4100: 'surf': unreferenced formal parameter
C:\Users\Ale\git\finalProject\game\g_trigger.c(593,67): warning C4100: 'plane': unreferenced formal parameter
C:\Users\Ale\git\finalProject\game\g_trigger.c(654,56): warning C4100: 'activator': unreferenced formal parameter
C:\Users\Ale\git\finalProject\game\g_trigger.c(654,40): warning C4100: 'other': unreferenced formal parameter
C:\Users\Ale\git\finalProject\game\g_trigger.c(667,78): warning C4100: 'surf': unreferenced formal parameter
C:\Users\Ale\git\finalProject\game\g_trigger.c(667,59): warning C4100: 'plane': unreferenced formal parameter
C:\Users\Ale\git\finalProject\game\g_trigger.c(731,89): warning C4100: 'surf': unreferenced formal parameter
C:\Users\Ale\git\finalProject\game\g_trigger.c(731,70): warning C4100: 'plane': unreferenced formal parameter
C:\Users\Ale\git\finalProject\game\g_trigger.c(765,93): warning C4100: 'surf': unreferenced formal parameter
C:\Users\Ale\git\finalProject\game\g_trigger.c(765,74): warning C4100: 'plane': unreferenced formal parameter
  g_turret.c
C:\Users\Ale\git\finalProject\game\g_turret.c(278,98): warning C4100: 'point': unreferenced formal parameter
  g_utils.c
C:\Users\Ale\git\finalProject\game\g_utils.c(396,2): warning C4996: 'strcpy': This function or variable may be unsafe. Consider using strcpy_s instead. To disable deprecation, use _CRT_SECURE_NO_WARNINGS. See online help for details.
  g_weapon.c
C:\Users\Ale\git\finalProject\game\g_weapon.c(457,68): warning C4100: 'plane': unreferenced formal parameter
C:\Users\Ale\git\finalProject\game\g_weapon.c(546,68): warning C4100: 'plane': unreferenced formal parameter
C:\Users\Ale\git\finalProject\game\g_weapon.c(637,68): warning C4100: 'plane': unreferenced formal parameter
  m_actor.c
C:\Users\Ale\git\finalProject\game\m_actor.c(230,65): warning C4100: 'damage': unreferenced formal parameter
C:\Users\Ale\git\finalProject\game\m_actor.c(230,55): warning C4100: 'kick': unreferenced formal parameter
C:\Users\Ale\git\finalProject\game\m_actor.c(339,90): warning C4100: 'point': unreferenced formal parameter
C:\Users\Ale\git\finalProject\game\m_actor.c(339,61): warning C4100: 'attacker': unreferenced formal parameter
C:\Users\Ale\git\finalProject\game\m_actor.c(339,41): warning C4100: 'inflictor': unreferenced formal parameter
C:\Users\Ale\git\finalProject\game\m_actor.c(401,57): warning C4100: 'activator': unreferenced formal parameter
C:\Users\Ale\git\finalProject\game\m_actor.c(401,41): warning C4100: 'other': unreferenced formal parameter
C:\Users\Ale\git\finalProject\game\m_actor.c(496,86): warning C4100: 'surf': unreferenced formal parameter
C:\Users\Ale\git\finalProject\game\m_actor.c(496,67): warning C4100: 'plane': unreferenced formal parameter
  m_berserk.c
C:\Users\Ale\git\finalProject\game\m_berserk.c(39,45): warning C4100: 'other': unreferenced formal parameter
C:\Users\Ale\git\finalProject\game\m_berserk.c(222,31): warning C4100: 'self': unreferenced formal parameter
C:\Users\Ale\git\finalProject\game\m_berserk.c(315,57): warning C4100: 'kick': unreferenced formal parameter
C:\Users\Ale\git\finalProject\game\m_berserk.c(315,44): warning C4100: 'other': unreferenced formal parameter
C:\Users\Ale\git\finalProject\game\m_berserk.c(381,92): warning C4100: 'point': unreferenced formal parameter
C:\Users\Ale\git\finalProject\game\m_berserk.c(381,63): warning C4100: 'attacker': unreferenced formal parameter
C:\Users\Ale\git\finalProject\game\m_berserk.c(381,43): warning C4100: 'inflictor': unreferenced formal parameter
  Generating Code...
C:\Users\Ale\git\finalProject\game\g_utils.c(215): warning C4706: assignment within conditional expression
C:\Users\Ale\git\finalProject\game\g_utils.c(232): warning C4706: assignment within conditional expression
C:\Users\Ale\git\finalProject\game\g_func.c(859): warning C4706: assignment within conditional expression
C:\Users\Ale\git\finalProject\game\g_combat.c(249): warning C4701: potentially uninitialized local variable 'index' used
C:\Users\Ale\git\finalProject\game\g_combat.c(209): warning C4701: potentially uninitialized local variable 'power' used
  Compiling...
  m_boss2.c
C:\Users\Ale\git\finalProject\game\m_boss2.c(470,55): warning C4100: 'kick': unreferenced formal parameter
C:\Users\Ale\git\finalProject\game\m_boss2.c(470,42): warning C4100: 'other': unreferenced formal parameter
C:\Users\Ale\git\finalProject\game\m_boss2.c(507,90): warning C4100: 'point': unreferenced formal parameter
C:\Users\Ale\git\finalProject\game\m_boss2.c(507,75): warning C4100: 'damage': unreferenced formal parameter
C:\Users\Ale\git\finalProject\game\m_boss2.c(507,61): warning C4100: 'attacker': unreferenced formal parameter
C:\Users\Ale\git\finalProject\game\m_boss2.c(507,41): warning C4100: 'inflictor': unreferenced formal parameter
  m_boss3.c
C:\Users\Ale\git\finalProject\game\m_boss3.c(31,56): warning C4100: 'activator': unreferenced formal parameter
C:\Users\Ale\git\finalProject\game\m_boss3.c(31,40): warning C4100: 'other': unreferenced formal parameter
  m_boss31.c
C:\Users\Ale\git\finalProject\game\m_boss31.c(31,41): warning C4431: missing type specifier - int assumed. Note: C no longer supports default-int
C:\Users\Ale\git\finalProject\game\m_boss31.c(416,54): warning C4100: 'kick': unreferenced formal parameter
C:\Users\Ale\git\finalProject\game\m_boss31.c(416,41): warning C4100: 'other': unreferenced formal parameter
C:\Users\Ale\git\finalProject\game\m_boss31.c(560,26): warning C4100: 'self': unreferenced formal parameter
C:\Users\Ale\git\finalProject\game\m_boss31.c(589,89): warning C4100: 'point': unreferenced formal parameter
C:\Users\Ale\git\finalProject\game\m_boss31.c(589,74): warning C4100: 'damage': unreferenced formal parameter
C:\Users\Ale\git\finalProject\game\m_boss31.c(589,60): warning C4100: 'attacker': unreferenced formal parameter
C:\Users\Ale\git\finalProject\game\m_boss31.c(589,40): warning C4100: 'inflictor': unreferenced formal parameter
  m_boss32.c
C:\Users\Ale\git\finalProject\game\m_boss32.c(555,56): warning C4100: 'kick': unreferenced formal parameter
C:\Users\Ale\git\finalProject\game\m_boss32.c(555,43): warning C4100: 'other': unreferenced formal parameter
C:\Users\Ale\git\finalProject\game\m_boss32.c(601,43): warning C4100: 'other': unreferenced formal parameter
C:\Users\Ale\git\finalProject\game\m_boss32.c(673,91): warning C4100: 'point': unreferenced formal parameter
C:\Users\Ale\git\finalProject\game\m_boss32.c(673,62): warning C4100: 'attacker': unreferenced formal parameter
C:\Users\Ale\git\finalProject\game\m_boss32.c(673,42): warning C4100: 'inflictor': unreferenced formal parameter
  m_brain.c
C:\Users\Ale\git\finalProject\game\m_brain.c(48,43): warning C4100: 'other': unreferenced formal parameter
C:\Users\Ale\git\finalProject\game\m_brain.c(542,65): warning C4100: 'damage': unreferenced formal parameter
C:\Users\Ale\git\finalProject\game\m_brain.c(542,55): warning C4100: 'kick': unreferenced formal parameter
C:\Users\Ale\git\finalProject\game\m_brain.c(542,42): warning C4100: 'other': unreferenced formal parameter
C:\Users\Ale\git\finalProject\game\m_brain.c(586,90): warning C4100: 'point': unreferenced formal parameter
C:\Users\Ale\git\finalProject\game\m_brain.c(586,61): warning C4100: 'attacker': unreferenced formal parameter
C:\Users\Ale\git\finalProject\game\m_brain.c(586,41): warning C4100: 'inflictor': unreferenced formal parameter
  m_chick.c
C:\Users\Ale\git\finalProject\game\m_chick.c(266,55): warning C4100: 'kick': unreferenced formal parameter
C:\Users\Ale\git\finalProject\game\m_chick.c(266,42): warning C4100: 'other': unreferenced formal parameter
C:\Users\Ale\git\finalProject\game\m_chick.c(353,90): warning C4100: 'point': unreferenced formal parameter
C:\Users\Ale\git\finalProject\game\m_chick.c(353,61): warning C4100: 'attacker': unreferenced formal parameter
C:\Users\Ale\git\finalProject\game\m_chick.c(353,41): warning C4100: 'inflictor': unreferenced formal parameter
C:\Users\Ale\git\finalProject\game\m_chick.c(430,59): warning C4100: 'eta': unreferenced formal parameter
C:\Users\Ale\git\finalProject\game\m_chick.c(619,42): warning C4100: 'other': unreferenced formal parameter
  m_flipper.c
C:\Users\Ale\git\finalProject\game\m_flipper.c(223,67): warning C4100: 'damage': unreferenced formal parameter
C:\Users\Ale\git\finalProject\game\m_flipper.c(223,57): warning C4100: 'kick': unreferenced formal parameter
C:\Users\Ale\git\finalProject\game\m_flipper.c(223,44): warning C4100: 'other': unreferenced formal parameter
C:\Users\Ale\git\finalProject\game\m_flipper.c(327,45): warning C4100: 'other': unreferenced formal parameter
C:\Users\Ale\git\finalProject\game\m_flipper.c(332,92): warning C4100: 'point': unreferenced formal parameter
C:\Users\Ale\git\finalProject\game\m_flipper.c(332,63): warning C4100: 'attacker': unreferenced formal parameter
C:\Users\Ale\git\finalProject\game\m_flipper.c(332,43): warning C4100: 'inflictor': unreferenced formal parameter
  m_float.c
C:\Users\Ale\git\finalProject\game\m_float.c(41,45): warning C4100: 'other': unreferenced formal parameter
C:\Users\Ale\git\finalProject\game\m_float.c(566,67): warning C4100: 'damage': unreferenced formal parameter
C:\Users\Ale\git\finalProject\game\m_float.c(566,57): warning C4100: 'kick': unreferenced formal parameter
C:\Users\Ale\git\finalProject\game\m_float.c(566,44): warning C4100: 'other': unreferenced formal parameter
C:\Users\Ale\git\finalProject\game\m_float.c(603,92): warning C4100: 'point': unreferenced formal parameter
C:\Users\Ale\git\finalProject\game\m_float.c(603,77): warning C4100: 'damage': unreferenced formal parameter
C:\Users\Ale\git\finalProject\game\m_float.c(603,63): warning C4100: 'attacker': unreferenced formal parameter
C:\Users\Ale\git\finalProject\game\m_float.c(603,43): warning C4100: 'inflictor': unreferenced formal parameter
  m_flyer.c
C:\Users\Ale\git\finalProject\game\m_flyer.c(52,43): warning C4100: 'other': unreferenced formal parameter
C:\Users\Ale\git\finalProject\game\m_flyer.c(531,65): warning C4100: 'damage': unreferenced formal parameter
C:\Users\Ale\git\finalProject\game\m_flyer.c(531,55): warning C4100: 'kick': unreferenced formal parameter
C:\Users\Ale\git\finalProject\game\m_flyer.c(531,42): warning C4100: 'other': unreferenced formal parameter
C:\Users\Ale\git\finalProject\game\m_flyer.c(564,89): warning C4100: 'point': unreferenced formal parameter
C:\Users\Ale\git\finalProject\game\m_flyer.c(564,74): warning C4100: 'damage': unreferenced formal parameter
C:\Users\Ale\git\finalProject\game\m_flyer.c(564,60): warning C4100: 'attacker': unreferenced formal parameter
C:\Users\Ale\git\finalProject\game\m_flyer.c(564,40): warning C4100: 'inflictor': unreferenced formal parameter
  m_gladiator.c
C:\Users\Ale\git\finalProject\game\m_gladiator.c(49,47): warning C4100: 'other': unreferenced formal parameter
C:\Users\Ale\git\finalProject\game\m_gladiator.c(240,69): warning C4100: 'damage': unreferenced formal parameter
C:\Users\Ale\git\finalProject\game\m_gladiator.c(240,59): warning C4100: 'kick': unreferenced formal parameter
C:\Users\Ale\git\finalProject\game\m_gladiator.c(240,46): warning C4100: 'other': unreferenced formal parameter
C:\Users\Ale\git\finalProject\game\m_gladiator.c(308,94): warning C4100: 'point': unreferenced formal parameter
C:\Users\Ale\git\finalProject\game\m_gladiator.c(308,65): warning C4100: 'attacker': unreferenced formal parameter
C:\Users\Ale\git\finalProject\game\m_gladiator.c(308,45): warning C4100: 'inflictor': unreferenced formal parameter
  m_gunner.c
C:\Users\Ale\git\finalProject\game\m_gunner.c(46,44): warning C4100: 'other': unreferenced formal parameter
C:\Users\Ale\git\finalProject\game\m_gunner.c(283,56): warning C4100: 'kick': unreferenced formal parameter
C:\Users\Ale\git\finalProject\game\m_gunner.c(283,43): warning C4100: 'other': unreferenced formal parameter
C:\Users\Ale\git\finalProject\game\m_gunner.c(335,91): warning C4100: 'point': unreferenced formal parameter
C:\Users\Ale\git\finalProject\game\m_gunner.c(335,62): warning C4100: 'attacker': unreferenced formal parameter
C:\Users\Ale\git\finalProject\game\m_gunner.c(335,42): warning C4100: 'inflictor': unreferenced formal parameter
C:\Users\Ale\git\finalProject\game\m_gunner.c(409,60): warning C4100: 'eta': unreferenced formal parameter
  m_hover.c
C:\Users\Ale\git\finalProject\game\m_hover.c(43,43): warning C4100: 'other': unreferenced formal parameter
C:\Users\Ale\git\finalProject\game\m_hover.c(487,55): warning C4100: 'kick': unreferenced formal parameter
C:\Users\Ale\git\finalProject\game\m_hover.c(487,42): warning C4100: 'other': unreferenced formal parameter
C:\Users\Ale\git\finalProject\game\m_hover.c(541,90): warning C4100: 'point': unreferenced formal parameter
C:\Users\Ale\git\finalProject\game\m_hover.c(541,61): warning C4100: 'attacker': unreferenced formal parameter
C:\Users\Ale\git\finalProject\game\m_hover.c(541,41): warning C4100: 'inflictor': unreferenced formal parameter
  m_infantry.c
C:\Users\Ale\git\finalProject\game\m_infantry.c(215,68): warning C4100: 'damage': unreferenced formal parameter
C:\Users\Ale\git\finalProject\game\m_infantry.c(215,58): warning C4100: 'kick': unreferenced formal parameter
C:\Users\Ale\git\finalProject\game\m_infantry.c(215,45): warning C4100: 'other': unreferenced formal parameter
C:\Users\Ale\git\finalProject\game\m_infantry.c(299,46): warning C4100: 'other': unreferenced formal parameter
C:\Users\Ale\git\finalProject\game\m_infantry.c(386,93): warning C4100: 'point': unreferenced formal parameter
C:\Users\Ale\git\finalProject\game\m_infantry.c(386,64): warning C4100: 'attacker': unreferenced formal parameter
C:\Users\Ale\git\finalProject\game\m_infantry.c(386,44): warning C4100: 'inflictor': unreferenced formal parameter
C:\Users\Ale\git\finalProject\game\m_infantry.c(466,62): warning C4100: 'eta': unreferenced formal parameter
  m_insane.c
C:\Users\Ale\git\finalProject\game\m_insane.c(477,66): warning C4100: 'damage': unreferenced formal parameter
C:\Users\Ale\git\finalProject\game\m_insane.c(477,56): warning C4100: 'kick': unreferenced formal parameter
C:\Users\Ale\git\finalProject\game\m_insane.c(477,43): warning C4100: 'other': unreferenced formal parameter
C:\Users\Ale\git\finalProject\game\m_insane.c(581,91): warning C4100: 'point': unreferenced formal parameter
C:\Users\Ale\git\finalProject\game\m_insane.c(581,62): warning C4100: 'attacker': unreferenced formal parameter
C:\Users\Ale\git\finalProject\game\m_insane.c(581,42): warning C4100: 'inflictor': unreferenced formal parameter
  m_medic.c
C:\Users\Ale\git\finalProject\game\m_medic.c(116,43): warning C4100: 'other': unreferenced formal parameter
C:\Users\Ale\git\finalProject\game\m_medic.c(317,65): warning C4100: 'damage': unreferenced formal parameter
C:\Users\Ale\git\finalProject\game\m_medic.c(317,55): warning C4100: 'kick': unreferenced formal parameter
C:\Users\Ale\git\finalProject\game\m_medic.c(317,42): warning C4100: 'other': unreferenced formal parameter
C:\Users\Ale\git\finalProject\game\m_medic.c(413,90): warning C4100: 'point': unreferenced formal parameter
C:\Users\Ale\git\finalProject\game\m_medic.c(413,61): warning C4100: 'attacker': unreferenced formal parameter
C:\Users\Ale\git\finalProject\game\m_medic.c(413,41): warning C4100: 'inflictor': unreferenced formal parameter
C:\Users\Ale\git\finalProject\game\m_medic.c(494,59): warning C4100: 'eta': unreferenced formal parameter
  m_move.c
  m_mutant.c
C:\Users\Ale\git\finalProject\game\m_mutant.c(62,44): warning C4100: 'other': unreferenced formal parameter
C:\Users\Ale\git\finalProject\game\m_mutant.c(308,85): warning C4100: 'surf': unreferenced formal parameter
C:\Users\Ale\git\finalProject\game\m_mutant.c(308,66): warning C4100: 'plane': unreferenced formal parameter
C:\Users\Ale\git\finalProject\game\m_mutant.c(496,66): warning C4100: 'damage': unreferenced formal parameter
C:\Users\Ale\git\finalProject\game\m_mutant.c(496,56): warning C4100: 'kick': unreferenced formal parameter
C:\Users\Ale\git\finalProject\game\m_mutant.c(496,43): warning C4100: 'other': unreferenced formal parameter
C:\Users\Ale\git\finalProject\game\m_mutant.c(574,91): warning C4100: 'point': unreferenced formal parameter
C:\Users\Ale\git\finalProject\game\m_mutant.c(574,62): warning C4100: 'attacker': unreferenced formal parameter
C:\Users\Ale\git\finalProject\game\m_mutant.c(574,42): warning C4100: 'inflictor': unreferenced formal parameter
  m_parasite.c
C:\Users\Ale\git\finalProject\game\m_parasite.c(65,46): warning C4100: 'other': unreferenced formal parameter
C:\Users\Ale\git\finalProject\game\m_parasite.c(275,68): warning C4100: 'damage': unreferenced formal parameter
C:\Users\Ale\git\finalProject\game\m_parasite.c(275,58): warning C4100: 'kick': unreferenced formal parameter
C:\Users\Ale\git\finalProject\game\m_parasite.c(275,45): warning C4100: 'other': unreferenced formal parameter
C:\Users\Ale\git\finalProject\game\m_parasite.c(471,93): warning C4100: 'point': unreferenced formal parameter
C:\Users\Ale\git\finalProject\game\m_parasite.c(471,64): warning C4100: 'attacker': unreferenced formal parameter
C:\Users\Ale\git\finalProject\game\m_parasite.c(471,44): warning C4100: 'inflictor': unreferenced formal parameter
  m_soldier.c
C:\Users\Ale\git\finalProject\game\m_soldier.c(409,67): warning C4100: 'damage': unreferenced formal parameter
C:\Users\Ale\git\finalProject\game\m_soldier.c(409,57): warning C4100: 'kick': unreferenced formal parameter
C:\Users\Ale\git\finalProject\game\m_soldier.c(409,44): warning C4100: 'other': unreferenced formal parameter
C:\Users\Ale\git\finalProject\game\m_soldier.c(792,44): warning C4100: 'other': unreferenced formal parameter
C:\Users\Ale\git\finalProject\game\m_soldier.c(1144,63): warning C4100: 'attacker': unreferenced formal parameter
C:\Users\Ale\git\finalProject\game\m_soldier.c(1144,43): warning C4100: 'inflictor': unreferenced formal parameter
  m_supertank.c
C:\Users\Ale\git\finalProject\game\m_supertank.c(452,59): warning C4100: 'kick': unreferenced formal parameter
C:\Users\Ale\git\finalProject\game\m_supertank.c(452,46): warning C4100: 'other': unreferenced formal parameter
C:\Users\Ale\git\finalProject\game\m_supertank.c(657,94): warning C4100: 'point': unreferenced formal parameter
C:\Users\Ale\git\finalProject\game\m_supertank.c(657,79): warning C4100: 'damage': unreferenced formal parameter
C:\Users\Ale\git\finalProject\game\m_supertank.c(657,65): warning C4100: 'attacker': unreferenced formal parameter
C:\Users\Ale\git\finalProject\game\m_supertank.c(657,45): warning C4100: 'inflictor': unreferenced formal parameter
  Generating Code...
  Compiling...
  m_tank.c
C:\Users\Ale\git\finalProject\game\m_tank.c(49,42): warning C4100: 'other': unreferenced formal parameter
C:\Users\Ale\git\finalProject\game\m_tank.c(288,54): warning C4100: 'kick': unreferenced formal parameter
C:\Users\Ale\git\finalProject\game\m_tank.c(288,41): warning C4100: 'other': unreferenced formal parameter
C:\Users\Ale\git\finalProject\game\m_tank.c(753,89): warning C4100: 'point': unreferenced formal parameter
C:\Users\Ale\git\finalProject\game\m_tank.c(753,60): warning C4100: 'attacker': unreferenced formal parameter
C:\Users\Ale\git\finalProject\game\m_tank.c(753,40): warning C4100: 'inflictor': unreferenced formal parameter
  p_client.c
C:\Users\Ale\git\finalProject\game\p_client.c(71,42): warning C4100: 'self': unreferenced formal parameter
C:\Users\Ale\git\finalProject\game\p_client.c(180,66): warning C4100: 'damage': unreferenced formal parameter
C:\Users\Ale\git\finalProject\game\p_client.c(180,56): warning C4100: 'kick': unreferenced formal parameter
C:\Users\Ale\git\finalProject\game\p_client.c(180,43): warning C4100: 'other': unreferenced formal parameter
C:\Users\Ale\git\finalProject\game\p_client.c(180,28): warning C4100: 'self': unreferenced formal parameter
C:\Users\Ale\git\finalProject\game\p_client.c(212,46): warning C4100: 'inflictor': unreferenced formal parameter
C:\Users\Ale\git\finalProject\game\p_client.c(502,91): warning C4100: 'point': unreferenced formal parameter
C:\Users\Ale\git\finalProject\game\p_client.c(932,89): warning C4100: 'point': unreferenced formal parameter
C:\Users\Ale\git\finalProject\game\p_client.c(932,60): warning C4100: 'attacker': unreferenced formal parameter
C:\Users\Ale\git\finalProject\game\p_client.c(932,40): warning C4100: 'inflictor': unreferenced formal parameter
C:\Users\Ale\git\finalProject\game\p_client.c(1380,3): warning C4996: 'strcpy': This function or variable may be unsafe. Consider using strcpy_s instead. To disable deprecation, use _CRT_SECURE_NO_WARNINGS. See online help for details.
C:\Users\Ale\git\finalProject\game\p_client.c(1385,2): warning C4996: 'strncpy': This function or variable may be unsafe. Consider using strncpy_s instead. To disable deprecation, use _CRT_SECURE_NO_WARNINGS. See online help for details.
C:\Users\Ale\git\finalProject\game\p_client.c(1425,2): warning C4996: 'strncpy': This function or variable may be unsafe. Consider using strncpy_s instead. To disable deprecation, use _CRT_SECURE_NO_WARNINGS. See online help for details.
  p_hud.c
C:\Users\Ale\git\finalProject\game\p_hud.c(234,4): warning C4996: 'strcpy': This function or variable may be unsafe. Consider using strcpy_s instead. To disable deprecation, use _CRT_SECURE_NO_WARNINGS. See online help for details.
C:\Users\Ale\git\finalProject\game\p_hud.c(245,3): warning C4996: 'strcpy': This function or variable may be unsafe. Consider using strcpy_s instead. To disable deprecation, use _CRT_SECURE_NO_WARNINGS. See online help for details.
  p_trail.c
  p_view.c
C:\Users\Ale\git\finalProject\game\p_view.c(42,27): warning C4100: 'angles': unreferenced formal parameter
  p_weapon.c
  Generating Code...
C:\Users\Ale\git\finalProject\game\p_hud.c(427): warning C4701: potentially uninitialized local variable 'cells' used
     Creating library .\..\release\gamex86.lib and object .\..\release\gamex86.exp
  game.vcxproj -> C:\Users\Ale\git\finalProject\game\release\gamex86.dll
